[0.010s] Invoking command in '/home/sakib/ws_manipulator/build/manipulator': CMAKE_PREFIX_PATH=/opt/ros/humble WSLENV=ELECTRON_RUN_AS_NODE/w:WT_SESSION:WT_PROFILE_ID: /usr/bin/cmake /home/sakib/ws_manipulator/src/manipulator -DCMAKE_INSTALL_PREFIX=/home/sakib/ws_manipulator/install/manipulator
[0.120s] -- The C compiler identification is GNU 11.4.0
[0.548s] -- The CXX compiler identification is GNU 11.4.0
[0.854s] -- Detecting C compiler ABI info
[0.947s] -- Detecting C compiler ABI info - done
[0.951s] -- Check for working C compiler: /usr/bin/cc - skipped
[0.951s] -- Detecting C compile features
[0.952s] -- Detecting C compile features - done
[0.954s] -- Detecting CXX compiler ABI info
[1.070s] -- Detecting CXX compiler ABI info - done
[1.075s] -- Check for working CXX compiler: /usr/bin/c++ - skipped
[1.075s] -- Detecting CXX compile features
[1.075s] -- Detecting CXX compile features - done
[1.076s] -- Found ament_cmake: 1.3.9 (/opt/ros/humble/share/ament_cmake/cmake)
[1.171s] -- Found Python3: /usr/bin/python3 (found version "3.10.12") found components: Interpreter 
[1.223s] -- Found ament_lint_auto: 0.12.11 (/opt/ros/humble/share/ament_lint_auto/cmake)
[1.271s] -- Added test 'cppcheck' to perform static code analysis on C / C++ code
[1.271s] -- Configured cppcheck include dirs: 
[1.271s] -- Configured cppcheck exclude dirs and/or files: 
[1.272s] -- Added test 'lint_cmake' to check CMake code style
[1.275s] -- Added test 'uncrustify' to check C / C++ code style
[1.275s] -- Configured uncrustify additional arguments: 
[1.275s] -- Added test 'xmllint' to check XML markup files
[1.276s] -- Configuring done
[1.278s] -- Generating done
[1.279s] -- Build files have been written to: /home/sakib/ws_manipulator/build/manipulator
[1.282s] Invoked command in '/home/sakib/ws_manipulator/build/manipulator' returned '0': CMAKE_PREFIX_PATH=/opt/ros/humble WSLENV=ELECTRON_RUN_AS_NODE/w:WT_SESSION:WT_PROFILE_ID: /usr/bin/cmake /home/sakib/ws_manipulator/src/manipulator -DCMAKE_INSTALL_PREFIX=/home/sakib/ws_manipulator/install/manipulator
[1.283s] Invoking command in '/home/sakib/ws_manipulator/build/manipulator': CMAKE_PREFIX_PATH=/opt/ros/humble WSLENV=ELECTRON_RUN_AS_NODE/w:WT_SESSION:WT_PROFILE_ID: /usr/bin/cmake --build /home/sakib/ws_manipulator/build/manipulator -- -j16 -l16
[1.303s] Invoked command in '/home/sakib/ws_manipulator/build/manipulator' returned '0': CMAKE_PREFIX_PATH=/opt/ros/humble WSLENV=ELECTRON_RUN_AS_NODE/w:WT_SESSION:WT_PROFILE_ID: /usr/bin/cmake --build /home/sakib/ws_manipulator/build/manipulator -- -j16 -l16
[1.320s] Invoking command in '/home/sakib/ws_manipulator/build/manipulator': CMAKE_PREFIX_PATH=/opt/ros/humble WSLENV=ELECTRON_RUN_AS_NODE/w:WT_SESSION:WT_PROFILE_ID: /usr/bin/cmake --install /home/sakib/ws_manipulator/build/manipulator
[1.324s] -- Install configuration: ""
[1.324s] -- Installing: /home/sakib/ws_manipulator/install/manipulator/share/ament_index/resource_index/package_run_dependencies/manipulator
[1.324s] -- Installing: /home/sakib/ws_manipulator/install/manipulator/share/ament_index/resource_index/parent_prefix_path/manipulator
[1.324s] -- Installing: /home/sakib/ws_manipulator/install/manipulator/share/manipulator/environment/ament_prefix_path.sh
[1.324s] -- Installing: /home/sakib/ws_manipulator/install/manipulator/share/manipulator/environment/ament_prefix_path.dsv
[1.324s] -- Installing: /home/sakib/ws_manipulator/install/manipulator/share/manipulator/environment/path.sh
[1.325s] -- Installing: /home/sakib/ws_manipulator/install/manipulator/share/manipulator/environment/path.dsv
[1.325s] -- Installing: /home/sakib/ws_manipulator/install/manipulator/share/manipulator/local_setup.bash
[1.325s] -- Installing: /home/sakib/ws_manipulator/install/manipulator/share/manipulator/local_setup.sh
[1.325s] -- Installing: /home/sakib/ws_manipulator/install/manipulator/share/manipulator/local_setup.zsh
[1.325s] -- Installing: /home/sakib/ws_manipulator/install/manipulator/share/manipulator/local_setup.dsv
[1.325s] -- Installing: /home/sakib/ws_manipulator/install/manipulator/share/manipulator/package.dsv
[1.325s] -- Installing: /home/sakib/ws_manipulator/install/manipulator/share/ament_index/resource_index/packages/manipulator
[1.325s] -- Installing: /home/sakib/ws_manipulator/install/manipulator/share/manipulator/cmake/manipulatorConfig.cmake
[1.325s] -- Installing: /home/sakib/ws_manipulator/install/manipulator/share/manipulator/cmake/manipulatorConfig-version.cmake
[1.325s] -- Installing: /home/sakib/ws_manipulator/install/manipulator/share/manipulator/package.xml
[1.327s] Invoked command in '/home/sakib/ws_manipulator/build/manipulator' returned '0': CMAKE_PREFIX_PATH=/opt/ros/humble WSLENV=ELECTRON_RUN_AS_NODE/w:WT_SESSION:WT_PROFILE_ID: /usr/bin/cmake --install /home/sakib/ws_manipulator/build/manipulator
