[0.008s] Invoking command in '/home/sakib/ws_manipulator/build/manipulator': CMAKE_PREFIX_PATH=/opt/ros/humble WSLENV=ELECTRON_RUN_AS_NODE/w:WT_SESSION:WT_PROFILE_ID: /usr/bin/cmake --build /home/sakib/ws_manipulator/build/manipulator -- -j16 -l16
[0.024s] -- Found ament_cmake: 1.3.9 (/opt/ros/humble/share/ament_cmake/cmake)
[0.102s] -- Found ament_lint_auto: 0.12.11 (/opt/ros/humble/share/ament_lint_auto/cmake)
[0.148s] -- Added test 'cppcheck' to perform static code analysis on C / C++ code
[0.148s] -- Configured cppcheck include dirs: 
[0.148s] -- Configured cppcheck exclude dirs and/or files: 
[0.148s] -- Added test 'flake8' to check Python code syntax and style conventions
[0.149s] -- Added test 'lint_cmake' to check CMake code style
[0.149s] -- Added test 'pep257' to check Python code against some of the docstring style conventions in PEP 257
[0.151s] -- Added test 'uncrustify' to check C / C++ code style
[0.152s] -- Configured uncrustify additional arguments: 
[0.152s] -- Added test 'xmllint' to check XML markup files
[0.152s] -- Configuring done
[0.155s] -- Generating done
[0.155s] -- Build files have been written to: /home/sakib/ws_manipulator/build/manipulator
[0.168s] Invoked command in '/home/sakib/ws_manipulator/build/manipulator' returned '0': CMAKE_PREFIX_PATH=/opt/ros/humble WSLENV=ELECTRON_RUN_AS_NODE/w:WT_SESSION:WT_PROFILE_ID: /usr/bin/cmake --build /home/sakib/ws_manipulator/build/manipulator -- -j16 -l16
[0.184s] Invoking command in '/home/sakib/ws_manipulator/build/manipulator': CMAKE_PREFIX_PATH=/opt/ros/humble WSLENV=ELECTRON_RUN_AS_NODE/w:WT_SESSION:WT_PROFILE_ID: /usr/bin/cmake --install /home/sakib/ws_manipulator/build/manipulator
[0.188s] -- Install configuration: ""
[0.188s] -- Installing: /home/sakib/ws_manipulator/install/manipulator/share/manipulator/launch
[0.188s] -- Installing: /home/sakib/ws_manipulator/install/manipulator/share/manipulator/launch/display.launch.py
[0.188s] -- Installing: /home/sakib/ws_manipulator/install/manipulator/share/manipulator/urdf
[0.188s] -- Installing: /home/sakib/ws_manipulator/install/manipulator/share/manipulator/urdf/model.urdf
[0.188s] -- Installing: /home/sakib/ws_manipulator/install/manipulator/share/manipulator/config
[0.188s] -- Installing: /home/sakib/ws_manipulator/install/manipulator/share/ament_index/resource_index/package_run_dependencies/manipulator
[0.188s] -- Up-to-date: /home/sakib/ws_manipulator/install/manipulator/share/ament_index/resource_index/parent_prefix_path/manipulator
[0.188s] -- Up-to-date: /home/sakib/ws_manipulator/install/manipulator/share/manipulator/environment/ament_prefix_path.sh
[0.189s] -- Installing: /home/sakib/ws_manipulator/install/manipulator/share/manipulator/environment/ament_prefix_path.dsv
[0.189s] -- Up-to-date: /home/sakib/ws_manipulator/install/manipulator/share/manipulator/environment/path.sh
[0.189s] -- Installing: /home/sakib/ws_manipulator/install/manipulator/share/manipulator/environment/path.dsv
[0.189s] -- Up-to-date: /home/sakib/ws_manipulator/install/manipulator/share/manipulator/local_setup.bash
[0.189s] -- Up-to-date: /home/sakib/ws_manipulator/install/manipulator/share/manipulator/local_setup.sh
[0.189s] -- Up-to-date: /home/sakib/ws_manipulator/install/manipulator/share/manipulator/local_setup.zsh
[0.189s] -- Installing: /home/sakib/ws_manipulator/install/manipulator/share/manipulator/local_setup.dsv
[0.189s] -- Installing: /home/sakib/ws_manipulator/install/manipulator/share/manipulator/package.dsv
[0.189s] -- Up-to-date: /home/sakib/ws_manipulator/install/manipulator/share/ament_index/resource_index/packages/manipulator
[0.189s] -- Up-to-date: /home/sakib/ws_manipulator/install/manipulator/share/manipulator/cmake/manipulatorConfig.cmake
[0.189s] -- Up-to-date: /home/sakib/ws_manipulator/install/manipulator/share/manipulator/cmake/manipulatorConfig-version.cmake
[0.189s] -- Installing: /home/sakib/ws_manipulator/install/manipulator/share/manipulator/package.xml
[0.190s] Invoked command in '/home/sakib/ws_manipulator/build/manipulator' returned '0': CMAKE_PREFIX_PATH=/opt/ros/humble WSLENV=ELECTRON_RUN_AS_NODE/w:WT_SESSION:WT_PROFILE_ID: /usr/bin/cmake --install /home/sakib/ws_manipulator/build/manipulator
