-- Install configuration: ""
-- Up-to-date: /home/sakib/ws_manipulator/install/manipulator/share/manipulator/launch
-- Up-to-date: /home/sakib/ws_manipulator/install/manipulator/share/manipulator/launch/display.launch.py
-- Up-to-date: /home/sakib/ws_manipulator/install/manipulator/share/manipulator/urdf
-- Up-to-date: /home/sakib/ws_manipulator/install/manipulator/share/manipulator/urdf/model.urdf
-- Up-to-date: /home/sakib/ws_manipulator/install/manipulator/share/manipulator/config
-- Up-to-date: /home/sakib/ws_manipulator/install/manipulator/share/ament_index/resource_index/package_run_dependencies/manipulator
-- Up-to-date: /home/sakib/ws_manipulator/install/manipulator/share/ament_index/resource_index/parent_prefix_path/manipulator
-- Up-to-date: /home/sakib/ws_manipulator/install/manipulator/share/manipulator/environment/ament_prefix_path.sh
-- Up-to-date: /home/sakib/ws_manipulator/install/manipulator/share/manipulator/environment/ament_prefix_path.dsv
-- Up-to-date: /home/sakib/ws_manipulator/install/manipulator/share/manipulator/environment/path.sh
-- Up-to-date: /home/sakib/ws_manipulator/install/manipulator/share/manipulator/environment/path.dsv
-- Up-to-date: /home/sakib/ws_manipulator/install/manipulator/share/manipulator/local_setup.bash
-- Up-to-date: /home/sakib/ws_manipulator/install/manipulator/share/manipulator/local_setup.sh
-- Up-to-date: /home/sakib/ws_manipulator/install/manipulator/share/manipulator/local_setup.zsh
-- Up-to-date: /home/sakib/ws_manipulator/install/manipulator/share/manipulator/local_setup.dsv
-- Up-to-date: /home/sakib/ws_manipulator/install/manipulator/share/manipulator/package.dsv
-- Up-to-date: /home/sakib/ws_manipulator/install/manipulator/share/ament_index/resource_index/packages/manipulator
-- Up-to-date: /home/sakib/ws_manipulator/install/manipulator/share/manipulator/cmake/manipulatorConfig.cmake
-- Up-to-date: /home/sakib/ws_manipulator/install/manipulator/share/manipulator/cmake/manipulatorConfig-version.cmake
-- Up-to-date: /home/sakib/ws_manipulator/install/manipulator/share/manipulator/package.xml
