[0.006s] Invoking command in '/home/sakib/ws_manipulator/build/manipulator': CMAKE_PREFIX_PATH=/opt/ros/humble /usr/bin/cmake --build /home/sakib/ws_manipulator/build/manipulator -- -j16 -l16
[0.028s] Invoked command in '/home/sakib/ws_manipulator/build/manipulator' returned '0': CMAKE_PREFIX_PATH=/opt/ros/humble /usr/bin/cmake --build /home/sakib/ws_manipulator/build/manipulator -- -j16 -l16
[0.044s] Invoking command in '/home/sakib/ws_manipulator/build/manipulator': CMAKE_PREFIX_PATH=/opt/ros/humble /usr/bin/cmake --install /home/sakib/ws_manipulator/build/manipulator
[0.048s] -- Install configuration: ""
[0.048s] -- Up-to-date: /home/sakib/ws_manipulator/install/manipulator/share/manipulator/launch
[0.048s] -- Up-to-date: /home/sakib/ws_manipulator/install/manipulator/share/manipulator/launch/display.launch.py
[0.048s] -- Up-to-date: /home/sakib/ws_manipulator/install/manipulator/share/manipulator/urdf
[0.048s] -- Up-to-date: /home/sakib/ws_manipulator/install/manipulator/share/manipulator/urdf/model.urdf
[0.048s] -- Up-to-date: /home/sakib/ws_manipulator/install/manipulator/share/manipulator/config
[0.048s] -- Up-to-date: /home/sakib/ws_manipulator/install/manipulator/share/ament_index/resource_index/package_run_dependencies/manipulator
[0.048s] -- Up-to-date: /home/sakib/ws_manipulator/install/manipulator/share/ament_index/resource_index/parent_prefix_path/manipulator
[0.048s] -- Up-to-date: /home/sakib/ws_manipulator/install/manipulator/share/manipulator/environment/ament_prefix_path.sh
[0.048s] -- Up-to-date: /home/sakib/ws_manipulator/install/manipulator/share/manipulator/environment/ament_prefix_path.dsv
[0.048s] -- Up-to-date: /home/sakib/ws_manipulator/install/manipulator/share/manipulator/environment/path.sh
[0.048s] -- Up-to-date: /home/sakib/ws_manipulator/install/manipulator/share/manipulator/environment/path.dsv
[0.048s] -- Up-to-date: /home/sakib/ws_manipulator/install/manipulator/share/manipulator/local_setup.bash
[0.049s] -- Up-to-date: /home/sakib/ws_manipulator/install/manipulator/share/manipulator/local_setup.sh
[0.049s] -- Up-to-date: /home/sakib/ws_manipulator/install/manipulator/share/manipulator/local_setup.zsh
[0.049s] -- Up-to-date: /home/sakib/ws_manipulator/install/manipulator/share/manipulator/local_setup.dsv
[0.049s] -- Up-to-date: /home/sakib/ws_manipulator/install/manipulator/share/manipulator/package.dsv
[0.049s] -- Up-to-date: /home/sakib/ws_manipulator/install/manipulator/share/ament_index/resource_index/packages/manipulator
[0.049s] -- Up-to-date: /home/sakib/ws_manipulator/install/manipulator/share/manipulator/cmake/manipulatorConfig.cmake
[0.049s] -- Up-to-date: /home/sakib/ws_manipulator/install/manipulator/share/manipulator/cmake/manipulatorConfig-version.cmake
[0.049s] -- Up-to-date: /home/sakib/ws_manipulator/install/manipulator/share/manipulator/package.xml
[0.050s] Invoked command in '/home/sakib/ws_manipulator/build/manipulator' returned '0': CMAKE_PREFIX_PATH=/opt/ros/humble /usr/bin/cmake --install /home/sakib/ws_manipulator/build/manipulator
